2025-05-16 13:09:11,577:INFO:Starting scraping pipeline
2025-05-16 13:09:11,578:INFO:Initializing browser for WV DOT scraping.
2025-05-16 13:09:31,114:ERROR:Error in west_virginia_scraping: Message: 
Stacktrace:
	GetHandleVerifier [0x00FDFC83+61635]
	GetHandleVerifier [0x00FDFCC4+61700]
	(No symbol) [0x00E005D3]
	(No symbol) [0x00E4899E]
	(No symbol) [0x00E48D3B]
	(No symbol) [0x00E90E12]
	(No symbol) [0x00E6D2E4]
	(No symbol) [0x00E8E61B]
	(No symbol) [0x00E6D096]
	(No symbol) [0x00E3C840]
	(No symbol) [0x00E3D6A4]
	GetHandleVerifier [0x012645A3+2701795]
	GetHandleVerifier [0x0125FD26+2683238]
	GetHandleVerifier [0x0127AA6E+2793134]
	GetHandleVerifier [0x00FF6945+155013]
	GetHandleVerifier [0x00FFD02D+181357]
	GetHandleVerifier [0x00FE74D8+92440]
	GetHandleVerifier [0x00FE7680+92864]
	GetHandleVerifier [0x00FD2070+5296]
	BaseThreadInitThunk [0x75AF5D49+25]
	RtlInitializeExceptionChain [0x7792CF0B+107]
	RtlGetAppContainerNamedObjectPath [0x7792CE91+561]

2025-05-16 13:09:31,115:ERROR:Scraping failed: Message: 
Stacktrace:
	GetHandleVerifier [0x00FDFC83+61635]
	GetHandleVerifier [0x00FDFCC4+61700]
	(No symbol) [0x00E005D3]
	(No symbol) [0x00E4899E]
	(No symbol) [0x00E48D3B]
	(No symbol) [0x00E90E12]
	(No symbol) [0x00E6D2E4]
	(No symbol) [0x00E8E61B]
	(No symbol) [0x00E6D096]
	(No symbol) [0x00E3C840]
	(No symbol) [0x00E3D6A4]
	GetHandleVerifier [0x012645A3+2701795]
	GetHandleVerifier [0x0125FD26+2683238]
	GetHandleVerifier [0x0127AA6E+2793134]
	GetHandleVerifier [0x00FF6945+155013]
	GetHandleVerifier [0x00FFD02D+181357]
	GetHandleVerifier [0x00FE74D8+92440]
	GetHandleVerifier [0x00FE7680+92864]
	GetHandleVerifier [0x00FD2070+5296]
	BaseThreadInitThunk [0x75AF5D49+25]
	RtlInitializeExceptionChain [0x7792CF0B+107]
	RtlGetAppContainerNamedObjectPath [0x7792CE91+561]

